<?xml version="1.0" encoding="UTF-8"?>
<!-- Generated by org.testng.reporters.JUnitReportReporter -->
<testsuite hostname="TYSS-Akash-Deb" failures="0" tests="2" name="webElement.textbox.ToRegisterUserAndLoginTest" time="7.512" errors="0" timestamp="2024-01-11T12:26:32 IST" skipped="0">
  <testcase classname="webElement.textbox.ToRegisterUserAndLoginTest" name="toRegisterUser" time="4.825"/>
  <testcase classname="webElement.textbox.ToRegisterUserAndLoginTest" name="loginUser" time="2.687"/>
</testsuite> <!-- webElement.textbox.ToRegisterUserAndLoginTest -->
